[debug] > Exec(early(addDefaultCommands), None, None)
[debug] > Exec(addDefaultCommands, None, None)
[debug] > Exec(early(initialize), None, None)
[debug] > Exec(initialize, None, None)
[debug] > Exec(early(addPluginSbtFile="""C:\Users\nostr\AppData\Local\Temp\idea7.sbt"""), None, None)
[debug] > Exec(addPluginSbtFile="""C:\Users\nostr\AppData\Local\Temp\idea7.sbt""", None, None)
[debug] > Exec(boot, None, None)
[debug] > Exec(writeSbtVersion, None, None)
[debug] > Exec(reload, None, None)
[debug] > Exec(sbtStashOnFailure, None, None)
[debug] > Exec(onFailure loadFailed, None, None)
[debug] > Exec(loadp, None, None)
[info] welcome to sbt 1.5.5 (Oracle Corporation Java 17)
[debug]       Load.loadUnit: plugins took 108.3733ms
[debug]       Load.loadUnit: defsScala took 0.9618ms
[debug] [Loading] Scanning directory C:\Users\nostr\.sbt\1.0\plugins
[debug] [Loading] Found non-root projects 
[debug] [Loading] Done in C:\Users\nostr\.sbt\1.0\plugins, returning: ()
[debug] deducing auto plugins based on known facts Set(Atom(sbt.plugins.CorePlugin)) and clauses Clauses(Clause(Atom(sbt.plugins.JvmPlugin),Set(Atom(sbt.plugins.IvyPlugin)))
[debug] Clause(Atom(sbt.ScriptedPlugin),Set(Atom(sbt.plugins.JvmPlugin)))
[debug] Clause(Atom(sbt.plugins.SbtPlugin),Set(Atom(sbt.ScriptedPlugin)))
[debug] Clause(Atom(sbt.plugins.SemanticdbPlugin),Set(Atom(sbt.plugins.JvmPlugin)))
[debug] Clause(Atom(sbt.plugins.JUnitXmlReportPlugin),Set(Atom(sbt.plugins.JvmPlugin)))
[debug] Clause(Atom(sbt.plugins.MiniDependencyTreePlugin),Set(Atom(sbt.plugins.JvmPlugin)))
[debug] Clause(Atom(sbt.plugins.CorePlugin),Set(Atom(sbt.plugins.IvyPlugin)))
[debug] Clause(Atom(sbt.plugins.IvyPlugin),Set(Atom(sbt.plugins.JvmPlugin)))
[debug] Clause(Atom(sbt.plugins.JvmPlugin),Set(Atom(sbt.plugins.SemanticdbPlugin)))
[debug] Clause(Atom(sbt.plugins.JvmPlugin),Set(Atom(sbt.plugins.JUnitXmlReportPlugin)))
[debug] Clause(Atom(sbt.plugins.CorePlugin),Set(Atom(sbt.plugins.Giter8TemplatePlugin)))
[debug] Clause(Atom(sbt.plugins.JvmPlugin),Set(Atom(sbt.plugins.MiniDependencyTreePlugin))))
[debug]   :: deduced result: Matched(sbt.plugins.CorePlugin,sbt.plugins.Giter8TemplatePlugin,sbt.plugins.IvyPlugin,sbt.plugins.JvmPlugin,sbt.plugins.MiniDependencyTreePlugin,sbt.plugins.JUnitXmlReportPlugin,sbt.plugins.SemanticdbPlugin)
[debug] Plugins.deducer#function took 16.2673 ms
[debug]           Load.resolveProject(global-plugins) took 37.4454ms
[debug]         Load.loadTransitive: finalizeProject(Project(id global-plugins, base: C:\Users\nostr\.sbt\1.0\plugins, plugins: List(<none>))) took 70.9699ms
[debug] [Loading] Done in C:\Users\nostr\.sbt\1.0\plugins, returning: (global-plugins)
[debug]       Load.loadUnit: loadedProjectsRaw took 89.3859ms
[debug]       Load.loadUnit: cleanEvalClasses took 0.2225ms
[debug]     Load.loadUnit(file:/C:/Users/nostr/.sbt/1.0/plugins/, ...) took 208.4115ms
[debug]   Load.apply: load took 505.998ms
[debug]   Load.apply: resolveProjects took 5.3065ms
[debug]   Load.apply: finalTransforms took 68.6145ms
[debug]   Load.apply: config.delegates took 11.2813ms
[debug]   Load.apply: Def.make(settings)... took 569.7399ms
[debug]   Load.apply: structureIndex took 131.094ms
[debug]   Load.apply: mkStreams took 1.7912ms
[info] loading global plugins from C:\Users\nostr\.sbt\1.0\plugins
[debug] Running task... Cancel: Signal, check cycles: false, forcegc: true
[debug] Load.defaultLoad until apply took 3185.8223ms
[debug]           Load.loadUnit: plugins took 31.6895ms
[debug]           Load.loadUnit: defsScala took 0.0063ms
[debug] [Loading] Scanning directory C:\Users\nostr\OneDrive\Documents\Efrei\M1\scala\projet\project
[debug]             Load.loadUnit: mkEval took 5.2463ms
[debug] [Loading] Found non-root projects 
[debug] [Loading] Done in C:\Users\nostr\OneDrive\Documents\Efrei\M1\scala\projet\project, returning: ()
[debug] deducing auto plugins based on known facts Set(Atom(sbt.plugins.CorePlugin)) and clauses Clauses(Clause(Atom(sbt.plugins.JvmPlugin),Set(Atom(sbt.plugins.IvyPlugin)))
[debug] Clause(Atom(sbt.ScriptedPlugin),Set(Atom(sbt.plugins.JvmPlugin)))
[debug] Clause(Atom(sbt.plugins.SbtPlugin),Set(Atom(sbt.ScriptedPlugin)))
[debug] Clause(Atom(sbt.plugins.SemanticdbPlugin),Set(Atom(sbt.plugins.JvmPlugin)))
[debug] Clause(Atom(sbt.plugins.JUnitXmlReportPlugin),Set(Atom(sbt.plugins.JvmPlugin)))
[debug] Clause(Atom(sbt.plugins.MiniDependencyTreePlugin),Set(Atom(sbt.plugins.JvmPlugin)))
[debug] Clause(Atom(sbt.plugins.CorePlugin),Set(Atom(sbt.plugins.IvyPlugin)))
[debug] Clause(Atom(sbt.plugins.IvyPlugin),Set(Atom(sbt.plugins.JvmPlugin)))
[debug] Clause(Atom(sbt.plugins.JvmPlugin),Set(Atom(sbt.plugins.SemanticdbPlugin)))
[debug] Clause(Atom(sbt.plugins.JvmPlugin),Set(Atom(sbt.plugins.JUnitXmlReportPlugin)))
[debug] Clause(Atom(sbt.plugins.CorePlugin),Set(Atom(sbt.plugins.Giter8TemplatePlugin)))
[debug] Clause(Atom(sbt.plugins.JvmPlugin),Set(Atom(sbt.plugins.MiniDependencyTreePlugin))))
[debug]   :: deduced result: Matched(sbt.plugins.CorePlugin,sbt.plugins.Giter8TemplatePlugin,sbt.plugins.IvyPlugin,sbt.plugins.JvmPlugin,sbt.plugins.MiniDependencyTreePlugin,sbt.plugins.JUnitXmlReportPlugin,sbt.plugins.SemanticdbPlugin)
[debug] Plugins.deducer#function took 1.8443 ms
[info] loading settings for project projet-build from idea7.sbt ...
[debug]               Load.resolveProject(projet-build) took 15.2641ms
[debug]             Load.loadTransitive: finalizeProject(Project(id projet-build, base: C:\Users\nostr\OneDrive\Documents\Efrei\M1\scala\projet\project, plugins: List(<none>))) took 17.7264ms
[debug] [Loading] Done in C:\Users\nostr\OneDrive\Documents\Efrei\M1\scala\projet\project, returning: (projet-build)
[debug]           Load.loadUnit: loadedProjectsRaw took 144.6906ms
[debug]           Load.loadUnit: cleanEvalClasses took 9.2216ms
[debug]         Load.loadUnit(file:/C:/Users/nostr/OneDrive/Documents/Efrei/M1/scala/projet/project/, ...) took 187.444ms
[debug]       Load.apply: load took 189.8879ms
[debug]       Load.apply: resolveProjects took 0.141ms
[debug]       Load.apply: finalTransforms took 19.3125ms
[debug]       Load.apply: config.delegates took 0.4973ms
[debug]       Load.apply: Def.make(settings)... took 114.2757ms
[debug]       Load.apply: structureIndex took 45.638ms
[debug]       Load.apply: mkStreams took 0.0029ms
[info] loading project definition from C:\Users\nostr\OneDrive\Documents\Efrei\M1\scala\projet\project
[debug] Running task... Cancel: Signal, check cycles: false, forcegc: true
[debug]     Load.loadUnit: plugins took 740.6029ms
[debug]     Load.loadUnit: defsScala took 0.0068ms
[debug] [Loading] Scanning directory C:\Users\nostr\OneDrive\Documents\Efrei\M1\scala\projet
[debug]       Load.loadUnit: mkEval took 0.7217ms
[debug] [Loading] Found non-root projects 
[debug] [Loading] Done in C:\Users\nostr\OneDrive\Documents\Efrei\M1\scala\projet, returning: ()
[debug] deducing auto plugins based on known facts Set(Atom(sbt.plugins.CorePlugin)) and clauses Clauses(Clause(Atom(sbt.plugins.JvmPlugin),Set(Atom(sbt.plugins.IvyPlugin)))
[debug] Clause(Atom(sbt.ScriptedPlugin),Set(Atom(sbt.plugins.JvmPlugin)))
[debug] Clause(Atom(sbt.plugins.SbtPlugin),Set(Atom(sbt.ScriptedPlugin)))
[debug] Clause(Atom(sbt.plugins.SemanticdbPlugin),Set(Atom(sbt.plugins.JvmPlugin)))
[debug] Clause(Atom(sbt.plugins.JUnitXmlReportPlugin),Set(Atom(sbt.plugins.JvmPlugin)))
[debug] Clause(Atom(sbt.plugins.MiniDependencyTreePlugin),Set(Atom(sbt.plugins.JvmPlugin)))
[debug] Clause(Atom(org.jetbrains.sbt.StructurePlugin),Set(Atom(sbt.plugins.JvmPlugin)))
[debug] Clause(Atom(org.jetbrains.sbt.IdeaShellPlugin),Set(Atom(sbt.plugins.JvmPlugin)))
[debug] Clause(Atom(org.jetbrains.sbt.indices.SbtIntellijIndicesPlugin),Set(Atom(sbt.plugins.JvmPlugin)))
[debug] Clause(Atom(sbt.plugins.CorePlugin),Set(Atom(sbt.plugins.IvyPlugin)))
[debug] Clause(Atom(sbt.plugins.IvyPlugin),Set(Atom(sbt.plugins.JvmPlugin)))
[debug] Clause(Atom(sbt.plugins.JvmPlugin),Set(Atom(sbt.plugins.SemanticdbPlugin)))
[debug] Clause(Atom(sbt.plugins.JvmPlugin),Set(Atom(sbt.plugins.JUnitXmlReportPlugin)))
[debug] Clause(Atom(sbt.plugins.CorePlugin),Set(Atom(sbt.plugins.Giter8TemplatePlugin)))
[debug] Clause(Atom(sbt.plugins.JvmPlugin),Set(Atom(sbt.plugins.MiniDependencyTreePlugin)))
[debug] Clause(Atom(sbt.plugins.JvmPlugin),Set(Atom(org.jetbrains.sbt.StructurePlugin)))
[debug] Clause(Atom(sbt.plugins.JvmPlugin),Set(Atom(org.jetbrains.sbt.IdeaShellPlugin)))
[debug] Clause(And(Set(Atom(sbt.plugins.CorePlugin), Atom(sbt.plugins.JvmPlugin))),Set(Atom(org.jetbrains.sbt.indices.SbtIntellijIndicesPlugin))))
[debug]   :: deduced result: Matched(sbt.plugins.CorePlugin,sbt.plugins.Giter8TemplatePlugin,sbt.plugins.IvyPlugin,sbt.plugins.JvmPlugin,sbt.plugins.SemanticdbPlugin,org.jetbrains.sbt.indices.SbtIntellijIndicesPlugin,sbt.plugins.JUnitXmlReportPlugin,org.jetbrains.sbt.IdeaShellPlugin,org.jetbrains.sbt.StructurePlugin,sbt.plugins.MiniDependencyTreePlugin)
[debug] Plugins.deducer#function took 2.6141 ms
[info] loading settings for project projet from build.sbt ...
[debug]         Load.resolveProject(projet) took 28.4613ms
[debug]       Load.loadTransitive: finalizeProject(Project(id projet, base: C:\Users\nostr\OneDrive\Documents\Efrei\M1\scala\projet, plugins: List(<none>))) took 32.4432ms
[debug] [Loading] Done in C:\Users\nostr\OneDrive\Documents\Efrei\M1\scala\projet, returning: (projet)
[debug]     Load.loadUnit: loadedProjectsRaw took 92.9287ms
[debug]     Load.loadUnit: cleanEvalClasses took 21.7022ms
[debug]   Load.loadUnit(file:/C:/Users/nostr/OneDrive/Documents/Efrei/M1/scala/projet/, ...) took 857.2861ms
[debug] Load.apply: load took 860.8495ms
[debug] Load.apply: resolveProjects took 0.2285ms
[debug] Load.apply: finalTransforms took 22.015ms
[debug] Load.apply: config.delegates took 0.3403ms
[debug] Load.apply: Def.make(settings)... took 93.2232ms
[debug] Load.apply: structureIndex took 37.6135ms
[debug] Load.apply: mkStreams took 0.0039ms
[info] set current project to scala (in build file:/C:/Users/nostr/OneDrive/Documents/Efrei/M1/scala/projet/)
[debug] > Exec(sbtPopOnFailure, None, None)
[debug] > Exec(resumeFromFailure, None, None)
[debug] > Exec(notifyUsersAboutShell, None, None)
[debug] > Exec(iflast shell, None, None)
[debug] > Exec(; set ideaPort in Global := 56737 ; idea-shell, None, None)
[debug] > Exec(set ideaPort in Global := 56737, None, None)
[info] Defining Global / ideaPort
[info] The new value will be used by Compile / compile, Test / compile
[debug] Defining 
[debug] 	Global / ideaPort
[debug] 
[debug] The new value will be used by 
[debug] 	Compile / compile
[debug] 	Test / compile
[info] Reapplying settings...
[info] set current project to scala (in build file:/C:/Users/nostr/OneDrive/Documents/Efrei/M1/scala/projet/)
[debug] > Exec(idea-shell, None, None)
