[debug] > Exec(early(addDefaultCommands), None, None)
[debug] > Exec(addDefaultCommands, None, None)
[debug] > Exec(early(initialize), None, None)
[debug] > Exec(initialize, None, None)
[debug] > Exec(early(addPluginSbtFile="""C:\Users\nostr\AppData\Local\Temp\idea2.sbt"""), None, None)
[debug] > Exec(addPluginSbtFile="""C:\Users\nostr\AppData\Local\Temp\idea2.sbt""", None, None)
[debug] > Exec(boot, None, None)
[debug] > Exec(writeSbtVersion, None, None)
[debug] > Exec(reload, None, None)
[debug] > Exec(sbtStashOnFailure, None, None)
[debug] > Exec(onFailure loadFailed, None, None)
[debug] > Exec(loadp, None, None)
[info] welcome to sbt 1.5.5 (Oracle Corporation Java 17)
[debug]       Load.loadUnit: plugins took 187.9949ms
[debug]       Load.loadUnit: defsScala took 0.47ms
[debug] [Loading] Scanning directory C:\Users\nostr\.sbt\1.0\plugins
[debug] [Loading] Found non-root projects 
[debug] [Loading] Done in C:\Users\nostr\.sbt\1.0\plugins, returning: ()
[debug] deducing auto plugins based on known facts Set(Atom(sbt.plugins.CorePlugin)) and clauses Clauses(Clause(Atom(sbt.plugins.JvmPlugin),Set(Atom(sbt.plugins.IvyPlugin)))
[debug] Clause(Atom(sbt.ScriptedPlugin),Set(Atom(sbt.plugins.JvmPlugin)))
[debug] Clause(Atom(sbt.plugins.SbtPlugin),Set(Atom(sbt.ScriptedPlugin)))
[debug] Clause(Atom(sbt.plugins.SemanticdbPlugin),Set(Atom(sbt.plugins.JvmPlugin)))
[debug] Clause(Atom(sbt.plugins.JUnitXmlReportPlugin),Set(Atom(sbt.plugins.JvmPlugin)))
[debug] Clause(Atom(sbt.plugins.MiniDependencyTreePlugin),Set(Atom(sbt.plugins.JvmPlugin)))
[debug] Clause(Atom(sbt.plugins.CorePlugin),Set(Atom(sbt.plugins.IvyPlugin)))
[debug] Clause(Atom(sbt.plugins.IvyPlugin),Set(Atom(sbt.plugins.JvmPlugin)))
[debug] Clause(Atom(sbt.plugins.JvmPlugin),Set(Atom(sbt.plugins.SemanticdbPlugin)))
[debug] Clause(Atom(sbt.plugins.JvmPlugin),Set(Atom(sbt.plugins.JUnitXmlReportPlugin)))
[debug] Clause(Atom(sbt.plugins.CorePlugin),Set(Atom(sbt.plugins.Giter8TemplatePlugin)))
[debug] Clause(Atom(sbt.plugins.JvmPlugin),Set(Atom(sbt.plugins.MiniDependencyTreePlugin))))
[debug]   :: deduced result: Matched(sbt.plugins.CorePlugin,sbt.plugins.Giter8TemplatePlugin,sbt.plugins.IvyPlugin,sbt.plugins.JvmPlugin,sbt.plugins.MiniDependencyTreePlugin,sbt.plugins.JUnitXmlReportPlugin,sbt.plugins.SemanticdbPlugin)
[debug] Plugins.deducer#function took 30.0572 ms
[debug]           Load.resolveProject(global-plugins) took 73.6329ms
[debug]         Load.loadTransitive: finalizeProject(Project(id global-plugins, base: C:\Users\nostr\.sbt\1.0\plugins, plugins: List(<none>))) took 130.1344ms
[debug] [Loading] Done in C:\Users\nostr\.sbt\1.0\plugins, returning: (global-plugins)
[debug]       Load.loadUnit: loadedProjectsRaw took 167.4722ms
[debug]       Load.loadUnit: cleanEvalClasses took 0.506ms
[debug]     Load.loadUnit(file:/C:/Users/nostr/.sbt/1.0/plugins/, ...) took 374.2019ms
[debug]   Load.apply: load took 5164.3852ms
[debug]   Load.apply: resolveProjects took 10.6633ms
[debug]   Load.apply: finalTransforms took 106.9738ms
[debug]   Load.apply: config.delegates took 13.82ms
[debug]   Load.apply: Def.make(settings)... took 853.0546ms
[debug]   Load.apply: structureIndex took 231.7551ms
[debug]   Load.apply: mkStreams took 5.2198ms
[info] loading global plugins from C:\Users\nostr\.sbt\1.0\plugins
[debug] Running task... Cancel: Signal, check cycles: false, forcegc: true
[debug] Load.defaultLoad until apply took 9364.9118ms
[debug]           Load.loadUnit: plugins took 47.5297ms
[debug]           Load.loadUnit: defsScala took 0.0094ms
[debug] [Loading] Scanning directory C:\Users\nostr\OneDrive\Documents\Efrei\M1\scala\projet\project
[debug]             Load.loadUnit: mkEval took 7.0077ms
[debug] [Loading] Found non-root projects 
[debug] [Loading] Done in C:\Users\nostr\OneDrive\Documents\Efrei\M1\scala\projet\project, returning: ()
[debug] deducing auto plugins based on known facts Set(Atom(sbt.plugins.CorePlugin)) and clauses Clauses(Clause(Atom(sbt.plugins.JvmPlugin),Set(Atom(sbt.plugins.IvyPlugin)))
[debug] Clause(Atom(sbt.ScriptedPlugin),Set(Atom(sbt.plugins.JvmPlugin)))
[debug] Clause(Atom(sbt.plugins.SbtPlugin),Set(Atom(sbt.ScriptedPlugin)))
[debug] Clause(Atom(sbt.plugins.SemanticdbPlugin),Set(Atom(sbt.plugins.JvmPlugin)))
[debug] Clause(Atom(sbt.plugins.JUnitXmlReportPlugin),Set(Atom(sbt.plugins.JvmPlugin)))
[debug] Clause(Atom(sbt.plugins.MiniDependencyTreePlugin),Set(Atom(sbt.plugins.JvmPlugin)))
[debug] Clause(Atom(sbt.plugins.CorePlugin),Set(Atom(sbt.plugins.IvyPlugin)))
[debug] Clause(Atom(sbt.plugins.IvyPlugin),Set(Atom(sbt.plugins.JvmPlugin)))
[debug] Clause(Atom(sbt.plugins.JvmPlugin),Set(Atom(sbt.plugins.SemanticdbPlugin)))
[debug] Clause(Atom(sbt.plugins.JvmPlugin),Set(Atom(sbt.plugins.JUnitXmlReportPlugin)))
[debug] Clause(Atom(sbt.plugins.CorePlugin),Set(Atom(sbt.plugins.Giter8TemplatePlugin)))
[debug] Clause(Atom(sbt.plugins.JvmPlugin),Set(Atom(sbt.plugins.MiniDependencyTreePlugin))))
[debug]   :: deduced result: Matched(sbt.plugins.CorePlugin,sbt.plugins.Giter8TemplatePlugin,sbt.plugins.IvyPlugin,sbt.plugins.JvmPlugin,sbt.plugins.MiniDependencyTreePlugin,sbt.plugins.JUnitXmlReportPlugin,sbt.plugins.SemanticdbPlugin)
[debug] Plugins.deducer#function took 4.5161 ms
[info] loading settings for project projet-build from idea2.sbt ...
[debug]               Load.resolveProject(projet-build) took 4.9235ms
[debug]             Load.loadTransitive: finalizeProject(Project(id projet-build, base: C:\Users\nostr\OneDrive\Documents\Efrei\M1\scala\projet\project, plugins: List(<none>))) took 10.2838ms
[debug] [Loading] Done in C:\Users\nostr\OneDrive\Documents\Efrei\M1\scala\projet\project, returning: (projet-build)
[debug]           Load.loadUnit: loadedProjectsRaw took 240.8129ms
[debug]           Load.loadUnit: cleanEvalClasses took 13.3698ms
[debug]         Load.loadUnit(file:/C:/Users/nostr/OneDrive/Documents/Efrei/M1/scala/projet/project/, ...) took 304.3608ms
[debug]       Load.apply: load took 307.802ms
[debug]       Load.apply: resolveProjects took 0.1945ms
[debug]       Load.apply: finalTransforms took 14.233ms
[debug]       Load.apply: config.delegates took 0.7253ms
[debug]       Load.apply: Def.make(settings)... took 107.6662ms
[debug]       Load.apply: structureIndex took 45.0347ms
[debug]       Load.apply: mkStreams took 0.0044ms
[info] loading project definition from C:\Users\nostr\OneDrive\Documents\Efrei\M1\scala\projet\project
[debug] Running task... Cancel: Signal, check cycles: false, forcegc: true
[debug]     Load.loadUnit: plugins took 983.3988ms
[debug]     Load.loadUnit: defsScala took 0.0043ms
[debug] [Loading] Scanning directory C:\Users\nostr\OneDrive\Documents\Efrei\M1\scala\projet
[debug]       Load.loadUnit: mkEval took 0.8204ms
[debug] [Loading] Found non-root projects 
[debug] [Loading] Done in C:\Users\nostr\OneDrive\Documents\Efrei\M1\scala\projet, returning: ()
[debug] deducing auto plugins based on known facts Set(Atom(sbt.plugins.CorePlugin)) and clauses Clauses(Clause(Atom(sbt.plugins.JvmPlugin),Set(Atom(sbt.plugins.IvyPlugin)))
[debug] Clause(Atom(sbt.ScriptedPlugin),Set(Atom(sbt.plugins.JvmPlugin)))
[debug] Clause(Atom(sbt.plugins.SbtPlugin),Set(Atom(sbt.ScriptedPlugin)))
[debug] Clause(Atom(sbt.plugins.SemanticdbPlugin),Set(Atom(sbt.plugins.JvmPlugin)))
[debug] Clause(Atom(sbt.plugins.JUnitXmlReportPlugin),Set(Atom(sbt.plugins.JvmPlugin)))
[debug] Clause(Atom(sbt.plugins.MiniDependencyTreePlugin),Set(Atom(sbt.plugins.JvmPlugin)))
[debug] Clause(Atom(org.jetbrains.sbt.StructurePlugin),Set(Atom(sbt.plugins.JvmPlugin)))
[debug] Clause(Atom(org.jetbrains.sbt.IdeaShellPlugin),Set(Atom(sbt.plugins.JvmPlugin)))
[debug] Clause(Atom(org.jetbrains.sbt.indices.SbtIntellijIndicesPlugin),Set(Atom(sbt.plugins.JvmPlugin)))
[debug] Clause(Atom(sbt.plugins.CorePlugin),Set(Atom(sbt.plugins.IvyPlugin)))
[debug] Clause(Atom(sbt.plugins.IvyPlugin),Set(Atom(sbt.plugins.JvmPlugin)))
[debug] Clause(Atom(sbt.plugins.JvmPlugin),Set(Atom(sbt.plugins.SemanticdbPlugin)))
[debug] Clause(Atom(sbt.plugins.JvmPlugin),Set(Atom(sbt.plugins.JUnitXmlReportPlugin)))
[debug] Clause(Atom(sbt.plugins.CorePlugin),Set(Atom(sbt.plugins.Giter8TemplatePlugin)))
[debug] Clause(Atom(sbt.plugins.JvmPlugin),Set(Atom(sbt.plugins.MiniDependencyTreePlugin)))
[debug] Clause(Atom(sbt.plugins.JvmPlugin),Set(Atom(org.jetbrains.sbt.StructurePlugin)))
[debug] Clause(Atom(sbt.plugins.JvmPlugin),Set(Atom(org.jetbrains.sbt.IdeaShellPlugin)))
[debug] Clause(And(Set(Atom(sbt.plugins.CorePlugin), Atom(sbt.plugins.JvmPlugin))),Set(Atom(org.jetbrains.sbt.indices.SbtIntellijIndicesPlugin))))
[debug]   :: deduced result: Matched(sbt.plugins.CorePlugin,sbt.plugins.Giter8TemplatePlugin,sbt.plugins.IvyPlugin,sbt.plugins.JvmPlugin,sbt.plugins.SemanticdbPlugin,org.jetbrains.sbt.indices.SbtIntellijIndicesPlugin,sbt.plugins.JUnitXmlReportPlugin,org.jetbrains.sbt.IdeaShellPlugin,org.jetbrains.sbt.StructurePlugin,sbt.plugins.MiniDependencyTreePlugin)
[debug] Plugins.deducer#function took 3.8543 ms
[info] loading settings for project projet from build.sbt ...
[debug]         Load.resolveProject(projet) took 51.3207ms
[debug]       Load.loadTransitive: finalizeProject(Project(id projet, base: C:\Users\nostr\OneDrive\Documents\Efrei\M1\scala\projet, plugins: List(<none>))) took 56.8013ms
[debug] [Loading] Done in C:\Users\nostr\OneDrive\Documents\Efrei\M1\scala\projet, returning: (projet)
[debug]     Load.loadUnit: loadedProjectsRaw took 127.6049ms
[debug]     Load.loadUnit: cleanEvalClasses took 51.072ms
[debug]   Load.loadUnit(file:/C:/Users/nostr/OneDrive/Documents/Efrei/M1/scala/projet/, ...) took 1164.5693ms
[debug] Load.apply: load took 1168.0528ms
[debug] Load.apply: resolveProjects took 0.2383ms
[debug] Load.apply: finalTransforms took 42.1652ms
[debug] Load.apply: config.delegates took 0.5068ms
[debug] Load.apply: Def.make(settings)... took 112.4411ms
[debug] Load.apply: structureIndex took 39.0927ms
[debug] Load.apply: mkStreams took 0.0036ms
[info] set current project to scala (in build file:/C:/Users/nostr/OneDrive/Documents/Efrei/M1/scala/projet/)
[debug] > Exec(sbtPopOnFailure, None, None)
[debug] > Exec(resumeFromFailure, None, None)
[debug] > Exec(notifyUsersAboutShell, None, None)
[debug] > Exec(iflast shell, None, None)
[debug] > Exec(; set ideaPort in Global := 56633 ; idea-shell, None, None)
[debug] > Exec(set ideaPort in Global := 56633, None, None)
[info] Defining Global / ideaPort
[info] The new value will be used by Compile / compile, Test / compile
[debug] Defining 
[debug] 	Global / ideaPort
[debug] 
[debug] The new value will be used by 
[debug] 	Compile / compile
[debug] 	Test / compile
[info] Reapplying settings...
[info] set current project to scala (in build file:/C:/Users/nostr/OneDrive/Documents/Efrei/M1/scala/projet/)
[debug] > Exec(idea-shell, None, None)
