[debug] > Exec(early(addDefaultCommands), None, None)
[debug] > Exec(addDefaultCommands, None, None)
[debug] > Exec(early(initialize), None, None)
[debug] > Exec(initialize, None, None)
[debug] > Exec(early(addPluginSbtFile="""C:\Users\nostr\AppData\Local\Temp\idea1.sbt"""), None, None)
[debug] > Exec(addPluginSbtFile="""C:\Users\nostr\AppData\Local\Temp\idea1.sbt""", None, None)
[debug] > Exec(boot, None, None)
[debug] > Exec(writeSbtVersion, None, None)
[debug] > Exec(reload, None, None)
[debug] > Exec(sbtStashOnFailure, None, None)
[debug] > Exec(onFailure loadFailed, None, None)
[debug] > Exec(loadp, None, None)
[info] welcome to sbt 1.5.5 (Oracle Corporation Java 17)
[debug]       Load.loadUnit: plugins took 108.495ms
[debug]       Load.loadUnit: defsScala took 0.2912ms
[debug] [Loading] Scanning directory C:\Users\nostr\.sbt\1.0\plugins
[debug] [Loading] Found non-root projects 
[debug] [Loading] Done in C:\Users\nostr\.sbt\1.0\plugins, returning: ()
[debug] deducing auto plugins based on known facts Set(Atom(sbt.plugins.CorePlugin)) and clauses Clauses(Clause(Atom(sbt.plugins.JvmPlugin),Set(Atom(sbt.plugins.IvyPlugin)))
[debug] Clause(Atom(sbt.ScriptedPlugin),Set(Atom(sbt.plugins.JvmPlugin)))
[debug] Clause(Atom(sbt.plugins.SbtPlugin),Set(Atom(sbt.ScriptedPlugin)))
[debug] Clause(Atom(sbt.plugins.SemanticdbPlugin),Set(Atom(sbt.plugins.JvmPlugin)))
[debug] Clause(Atom(sbt.plugins.JUnitXmlReportPlugin),Set(Atom(sbt.plugins.JvmPlugin)))
[debug] Clause(Atom(sbt.plugins.MiniDependencyTreePlugin),Set(Atom(sbt.plugins.JvmPlugin)))
[debug] Clause(Atom(sbt.plugins.CorePlugin),Set(Atom(sbt.plugins.IvyPlugin)))
[debug] Clause(Atom(sbt.plugins.IvyPlugin),Set(Atom(sbt.plugins.JvmPlugin)))
[debug] Clause(Atom(sbt.plugins.JvmPlugin),Set(Atom(sbt.plugins.SemanticdbPlugin)))
[debug] Clause(Atom(sbt.plugins.JvmPlugin),Set(Atom(sbt.plugins.JUnitXmlReportPlugin)))
[debug] Clause(Atom(sbt.plugins.CorePlugin),Set(Atom(sbt.plugins.Giter8TemplatePlugin)))
[debug] Clause(Atom(sbt.plugins.JvmPlugin),Set(Atom(sbt.plugins.MiniDependencyTreePlugin))))
[debug]   :: deduced result: Matched(sbt.plugins.CorePlugin,sbt.plugins.Giter8TemplatePlugin,sbt.plugins.IvyPlugin,sbt.plugins.JvmPlugin,sbt.plugins.MiniDependencyTreePlugin,sbt.plugins.JUnitXmlReportPlugin,sbt.plugins.SemanticdbPlugin)
[debug] Plugins.deducer#function took 24.7867 ms
[debug]           Load.resolveProject(global-plugins) took 44.8515ms
[debug]         Load.loadTransitive: finalizeProject(Project(id global-plugins, base: C:\Users\nostr\.sbt\1.0\plugins, plugins: List(<none>))) took 88.7816ms
[debug] [Loading] Done in C:\Users\nostr\.sbt\1.0\plugins, returning: (global-plugins)
[debug]       Load.loadUnit: loadedProjectsRaw took 111.6401ms
[debug]       Load.loadUnit: cleanEvalClasses took 0.2092ms
[debug]     Load.loadUnit(file:/C:/Users/nostr/.sbt/1.0/plugins/, ...) took 229.7291ms
[debug]   Load.apply: load took 3322.8961ms
[debug]   Load.apply: resolveProjects took 6.8528ms
[debug]   Load.apply: finalTransforms took 73.9234ms
[debug]   Load.apply: config.delegates took 13.3988ms
[debug]   Load.apply: Def.make(settings)... took 530.9388ms
[debug]   Load.apply: structureIndex took 121.4428ms
[debug]   Load.apply: mkStreams took 4.449ms
[info] loading global plugins from C:\Users\nostr\.sbt\1.0\plugins
[debug] Running task... Cancel: Signal, check cycles: false, forcegc: true
[debug] Load.defaultLoad until apply took 6188.191ms
[debug]           Load.loadUnit: plugins took 45.7946ms
[debug]           Load.loadUnit: defsScala took 0.0067ms
[debug] [Loading] Scanning directory C:\Users\nostr\OneDrive\Documents\Efrei\M1\scala\projet\project
[debug]             Load.loadUnit: mkEval took 8.1774ms
[debug] [Loading] Found non-root projects 
[debug] [Loading] Done in C:\Users\nostr\OneDrive\Documents\Efrei\M1\scala\projet\project, returning: ()
[debug] deducing auto plugins based on known facts Set(Atom(sbt.plugins.CorePlugin)) and clauses Clauses(Clause(Atom(sbt.plugins.JvmPlugin),Set(Atom(sbt.plugins.IvyPlugin)))
[debug] Clause(Atom(sbt.ScriptedPlugin),Set(Atom(sbt.plugins.JvmPlugin)))
[debug] Clause(Atom(sbt.plugins.SbtPlugin),Set(Atom(sbt.ScriptedPlugin)))
[debug] Clause(Atom(sbt.plugins.SemanticdbPlugin),Set(Atom(sbt.plugins.JvmPlugin)))
[debug] Clause(Atom(sbt.plugins.JUnitXmlReportPlugin),Set(Atom(sbt.plugins.JvmPlugin)))
[debug] Clause(Atom(sbt.plugins.MiniDependencyTreePlugin),Set(Atom(sbt.plugins.JvmPlugin)))
[debug] Clause(Atom(sbt.plugins.CorePlugin),Set(Atom(sbt.plugins.IvyPlugin)))
[debug] Clause(Atom(sbt.plugins.IvyPlugin),Set(Atom(sbt.plugins.JvmPlugin)))
[debug] Clause(Atom(sbt.plugins.JvmPlugin),Set(Atom(sbt.plugins.SemanticdbPlugin)))
[debug] Clause(Atom(sbt.plugins.JvmPlugin),Set(Atom(sbt.plugins.JUnitXmlReportPlugin)))
[debug] Clause(Atom(sbt.plugins.CorePlugin),Set(Atom(sbt.plugins.Giter8TemplatePlugin)))
[debug] Clause(Atom(sbt.plugins.JvmPlugin),Set(Atom(sbt.plugins.MiniDependencyTreePlugin))))
[debug]   :: deduced result: Matched(sbt.plugins.CorePlugin,sbt.plugins.Giter8TemplatePlugin,sbt.plugins.IvyPlugin,sbt.plugins.JvmPlugin,sbt.plugins.MiniDependencyTreePlugin,sbt.plugins.JUnitXmlReportPlugin,sbt.plugins.SemanticdbPlugin)
[debug] Plugins.deducer#function took 2.1963 ms
[info] loading settings for project projet-build from idea1.sbt ...
[debug]               Load.resolveProject(projet-build) took 3.4009ms
[debug]             Load.loadTransitive: finalizeProject(Project(id projet-build, base: C:\Users\nostr\OneDrive\Documents\Efrei\M1\scala\projet\project, plugins: List(<none>))) took 6.6819ms
[debug] [Loading] Done in C:\Users\nostr\OneDrive\Documents\Efrei\M1\scala\projet\project, returning: (projet-build)
[debug]           Load.loadUnit: loadedProjectsRaw took 182.1753ms
[debug]           Load.loadUnit: cleanEvalClasses took 10.7717ms
[debug]         Load.loadUnit(file:/C:/Users/nostr/OneDrive/Documents/Efrei/M1/scala/projet/project/, ...) took 240.529ms
[debug]       Load.apply: load took 242.845ms
[debug]       Load.apply: resolveProjects took 0.1531ms
[debug]       Load.apply: finalTransforms took 12.7354ms
[debug]       Load.apply: config.delegates took 0.4839ms
[debug]       Load.apply: Def.make(settings)... took 111.332ms
[debug]       Load.apply: structureIndex took 47.2415ms
[debug]       Load.apply: mkStreams took 0.0038ms
[info] loading project definition from C:\Users\nostr\OneDrive\Documents\Efrei\M1\scala\projet\project
[debug] Running task... Cancel: Signal, check cycles: false, forcegc: true
[debug]     Load.loadUnit: plugins took 889.7606ms
[debug]     Load.loadUnit: defsScala took 0.0042ms
[debug] [Loading] Scanning directory C:\Users\nostr\OneDrive\Documents\Efrei\M1\scala\projet
[debug]       Load.loadUnit: mkEval took 0.4818ms
[debug] [Loading] Found non-root projects 
[debug] [Loading] Done in C:\Users\nostr\OneDrive\Documents\Efrei\M1\scala\projet, returning: ()
[debug] deducing auto plugins based on known facts Set(Atom(sbt.plugins.CorePlugin)) and clauses Clauses(Clause(Atom(sbt.plugins.JvmPlugin),Set(Atom(sbt.plugins.IvyPlugin)))
[debug] Clause(Atom(sbt.ScriptedPlugin),Set(Atom(sbt.plugins.JvmPlugin)))
[debug] Clause(Atom(sbt.plugins.SbtPlugin),Set(Atom(sbt.ScriptedPlugin)))
[debug] Clause(Atom(sbt.plugins.SemanticdbPlugin),Set(Atom(sbt.plugins.JvmPlugin)))
[debug] Clause(Atom(sbt.plugins.JUnitXmlReportPlugin),Set(Atom(sbt.plugins.JvmPlugin)))
[debug] Clause(Atom(sbt.plugins.MiniDependencyTreePlugin),Set(Atom(sbt.plugins.JvmPlugin)))
[debug] Clause(Atom(org.jetbrains.sbt.StructurePlugin),Set(Atom(sbt.plugins.JvmPlugin)))
[debug] Clause(Atom(org.jetbrains.sbt.IdeaShellPlugin),Set(Atom(sbt.plugins.JvmPlugin)))
[debug] Clause(Atom(org.jetbrains.sbt.indices.SbtIntellijIndicesPlugin),Set(Atom(sbt.plugins.JvmPlugin)))
[debug] Clause(Atom(sbt.plugins.CorePlugin),Set(Atom(sbt.plugins.IvyPlugin)))
[debug] Clause(Atom(sbt.plugins.IvyPlugin),Set(Atom(sbt.plugins.JvmPlugin)))
[debug] Clause(Atom(sbt.plugins.JvmPlugin),Set(Atom(sbt.plugins.SemanticdbPlugin)))
[debug] Clause(Atom(sbt.plugins.JvmPlugin),Set(Atom(sbt.plugins.JUnitXmlReportPlugin)))
[debug] Clause(Atom(sbt.plugins.CorePlugin),Set(Atom(sbt.plugins.Giter8TemplatePlugin)))
[debug] Clause(Atom(sbt.plugins.JvmPlugin),Set(Atom(sbt.plugins.MiniDependencyTreePlugin)))
[debug] Clause(Atom(sbt.plugins.JvmPlugin),Set(Atom(org.jetbrains.sbt.StructurePlugin)))
[debug] Clause(Atom(sbt.plugins.JvmPlugin),Set(Atom(org.jetbrains.sbt.IdeaShellPlugin)))
[debug] Clause(And(Set(Atom(sbt.plugins.CorePlugin), Atom(sbt.plugins.JvmPlugin))),Set(Atom(org.jetbrains.sbt.indices.SbtIntellijIndicesPlugin))))
[debug]   :: deduced result: Matched(sbt.plugins.CorePlugin,sbt.plugins.Giter8TemplatePlugin,sbt.plugins.IvyPlugin,sbt.plugins.JvmPlugin,sbt.plugins.SemanticdbPlugin,org.jetbrains.sbt.indices.SbtIntellijIndicesPlugin,sbt.plugins.JUnitXmlReportPlugin,org.jetbrains.sbt.IdeaShellPlugin,org.jetbrains.sbt.StructurePlugin,sbt.plugins.MiniDependencyTreePlugin)
[debug] Plugins.deducer#function took 3.0659 ms
[info] loading settings for project projet from build.sbt ...
[debug]         Load.resolveProject(projet) took 48.4153ms
[debug]       Load.loadTransitive: finalizeProject(Project(id projet, base: C:\Users\nostr\OneDrive\Documents\Efrei\M1\scala\projet, plugins: List(<none>))) took 53.3565ms
[debug] [Loading] Done in C:\Users\nostr\OneDrive\Documents\Efrei\M1\scala\projet, returning: (projet)
[debug]     Load.loadUnit: loadedProjectsRaw took 119.8287ms
[debug]     Load.loadUnit: cleanEvalClasses took 38.7087ms
[debug]   Load.loadUnit(file:/C:/Users/nostr/OneDrive/Documents/Efrei/M1/scala/projet/, ...) took 1050.1852ms
[debug] Load.apply: load took 1053.3142ms
[debug] Load.apply: resolveProjects took 0.1756ms
[debug] Load.apply: finalTransforms took 41.2373ms
[debug] Load.apply: config.delegates took 0.4203ms
[debug] Load.apply: Def.make(settings)... took 93.8127ms
[debug] Load.apply: structureIndex took 37.6626ms
[debug] Load.apply: mkStreams took 0.0036ms
[info] set current project to scala (in build file:/C:/Users/nostr/OneDrive/Documents/Efrei/M1/scala/projet/)
[debug] > Exec(sbtPopOnFailure, None, None)
[debug] > Exec(resumeFromFailure, None, None)
[debug] > Exec(notifyUsersAboutShell, None, None)
[debug] > Exec(iflast shell, None, None)
[debug] > Exec(; set ideaPort in Global := 56633 ; idea-shell, None, None)
[debug] > Exec(set ideaPort in Global := 56633, None, None)
[info] Defining Global / ideaPort
[info] The new value will be used by Compile / compile, Test / compile
[debug] Defining 
[debug] 	Global / ideaPort
[debug] 
[debug] The new value will be used by 
[debug] 	Compile / compile
[debug] 	Test / compile
[info] Reapplying settings...
[info] set current project to scala (in build file:/C:/Users/nostr/OneDrive/Documents/Efrei/M1/scala/projet/)
[debug] > Exec(idea-shell, None, None)
