[debug] > Exec(early(addDefaultCommands), None, None)
[debug] > Exec(addDefaultCommands, None, None)
[debug] > Exec(early(initialize), None, None)
[debug] > Exec(initialize, None, None)
[debug] > Exec(early(addPluginSbtFile="""C:\Users\nostr\AppData\Local\Temp\idea3.sbt"""), None, None)
[debug] > Exec(addPluginSbtFile="""C:\Users\nostr\AppData\Local\Temp\idea3.sbt""", None, None)
[debug] > Exec(boot, None, None)
[debug] > Exec(writeSbtVersion, None, None)
[debug] > Exec(reload, None, None)
[debug] > Exec(sbtStashOnFailure, None, None)
[debug] > Exec(onFailure loadFailed, None, None)
[debug] > Exec(loadp, None, None)
[info] welcome to sbt 1.5.5 (Oracle Corporation Java 17)
[debug]       Load.loadUnit: plugins took 122.3568ms
[debug]       Load.loadUnit: defsScala took 0.3313ms
[debug] [Loading] Scanning directory C:\Users\nostr\.sbt\1.0\plugins
[debug] [Loading] Found non-root projects 
[debug] [Loading] Done in C:\Users\nostr\.sbt\1.0\plugins, returning: ()
[debug] deducing auto plugins based on known facts Set(Atom(sbt.plugins.CorePlugin)) and clauses Clauses(Clause(Atom(sbt.plugins.JvmPlugin),Set(Atom(sbt.plugins.IvyPlugin)))
[debug] Clause(Atom(sbt.ScriptedPlugin),Set(Atom(sbt.plugins.JvmPlugin)))
[debug] Clause(Atom(sbt.plugins.SbtPlugin),Set(Atom(sbt.ScriptedPlugin)))
[debug] Clause(Atom(sbt.plugins.SemanticdbPlugin),Set(Atom(sbt.plugins.JvmPlugin)))
[debug] Clause(Atom(sbt.plugins.JUnitXmlReportPlugin),Set(Atom(sbt.plugins.JvmPlugin)))
[debug] Clause(Atom(sbt.plugins.MiniDependencyTreePlugin),Set(Atom(sbt.plugins.JvmPlugin)))
[debug] Clause(Atom(sbt.plugins.CorePlugin),Set(Atom(sbt.plugins.IvyPlugin)))
[debug] Clause(Atom(sbt.plugins.IvyPlugin),Set(Atom(sbt.plugins.JvmPlugin)))
[debug] Clause(Atom(sbt.plugins.JvmPlugin),Set(Atom(sbt.plugins.SemanticdbPlugin)))
[debug] Clause(Atom(sbt.plugins.JvmPlugin),Set(Atom(sbt.plugins.JUnitXmlReportPlugin)))
[debug] Clause(Atom(sbt.plugins.CorePlugin),Set(Atom(sbt.plugins.Giter8TemplatePlugin)))
[debug] Clause(Atom(sbt.plugins.JvmPlugin),Set(Atom(sbt.plugins.MiniDependencyTreePlugin))))
[debug]   :: deduced result: Matched(sbt.plugins.CorePlugin,sbt.plugins.Giter8TemplatePlugin,sbt.plugins.IvyPlugin,sbt.plugins.JvmPlugin,sbt.plugins.MiniDependencyTreePlugin,sbt.plugins.JUnitXmlReportPlugin,sbt.plugins.SemanticdbPlugin)
[debug] Plugins.deducer#function took 21.0106 ms
[debug]           Load.resolveProject(global-plugins) took 44.981ms
[debug]         Load.loadTransitive: finalizeProject(Project(id global-plugins, base: C:\Users\nostr\.sbt\1.0\plugins, plugins: List(<none>))) took 88.7936ms
[debug] [Loading] Done in C:\Users\nostr\.sbt\1.0\plugins, returning: (global-plugins)
[debug]       Load.loadUnit: loadedProjectsRaw took 122.4876ms
[debug]       Load.loadUnit: cleanEvalClasses took 0.2529ms
[debug]     Load.loadUnit(file:/C:/Users/nostr/.sbt/1.0/plugins/, ...) took 255.0307ms
[debug]   Load.apply: load took 3644.6281ms
[debug]   Load.apply: resolveProjects took 9.3445ms
[debug]   Load.apply: finalTransforms took 70.4011ms
[debug]   Load.apply: config.delegates took 10.4611ms
[debug]   Load.apply: Def.make(settings)... took 554.7059ms
[debug]   Load.apply: structureIndex took 141.8796ms
[debug]   Load.apply: mkStreams took 2.3083ms
[info] loading global plugins from C:\Users\nostr\.sbt\1.0\plugins
[debug] Running task... Cancel: Signal, check cycles: false, forcegc: true
[debug] Load.defaultLoad until apply took 6420.9178ms
[debug]           Load.loadUnit: plugins took 42.8009ms
[debug]           Load.loadUnit: defsScala took 0.0069ms
[debug] [Loading] Scanning directory C:\Users\nostr\OneDrive\Documents\Efrei\M1\scala\projet\project
[debug]             Load.loadUnit: mkEval took 6.1076ms
[debug] [Loading] Found non-root projects 
[debug] [Loading] Done in C:\Users\nostr\OneDrive\Documents\Efrei\M1\scala\projet\project, returning: ()
[debug] deducing auto plugins based on known facts Set(Atom(sbt.plugins.CorePlugin)) and clauses Clauses(Clause(Atom(sbt.plugins.JvmPlugin),Set(Atom(sbt.plugins.IvyPlugin)))
[debug] Clause(Atom(sbt.ScriptedPlugin),Set(Atom(sbt.plugins.JvmPlugin)))
[debug] Clause(Atom(sbt.plugins.SbtPlugin),Set(Atom(sbt.ScriptedPlugin)))
[debug] Clause(Atom(sbt.plugins.SemanticdbPlugin),Set(Atom(sbt.plugins.JvmPlugin)))
[debug] Clause(Atom(sbt.plugins.JUnitXmlReportPlugin),Set(Atom(sbt.plugins.JvmPlugin)))
[debug] Clause(Atom(sbt.plugins.MiniDependencyTreePlugin),Set(Atom(sbt.plugins.JvmPlugin)))
[debug] Clause(Atom(sbt.plugins.CorePlugin),Set(Atom(sbt.plugins.IvyPlugin)))
[debug] Clause(Atom(sbt.plugins.IvyPlugin),Set(Atom(sbt.plugins.JvmPlugin)))
[debug] Clause(Atom(sbt.plugins.JvmPlugin),Set(Atom(sbt.plugins.SemanticdbPlugin)))
[debug] Clause(Atom(sbt.plugins.JvmPlugin),Set(Atom(sbt.plugins.JUnitXmlReportPlugin)))
[debug] Clause(Atom(sbt.plugins.CorePlugin),Set(Atom(sbt.plugins.Giter8TemplatePlugin)))
[debug] Clause(Atom(sbt.plugins.JvmPlugin),Set(Atom(sbt.plugins.MiniDependencyTreePlugin))))
[debug]   :: deduced result: Matched(sbt.plugins.CorePlugin,sbt.plugins.Giter8TemplatePlugin,sbt.plugins.IvyPlugin,sbt.plugins.JvmPlugin,sbt.plugins.MiniDependencyTreePlugin,sbt.plugins.JUnitXmlReportPlugin,sbt.plugins.SemanticdbPlugin)
[debug] Plugins.deducer#function took 4.5973 ms
[info] loading settings for project projet-build from idea3.sbt ...
[debug]               Load.resolveProject(projet-build) took 5.5234ms
[debug]             Load.loadTransitive: finalizeProject(Project(id projet-build, base: C:\Users\nostr\OneDrive\Documents\Efrei\M1\scala\projet\project, plugins: List(<none>))) took 10.8972ms
[debug] [Loading] Done in C:\Users\nostr\OneDrive\Documents\Efrei\M1\scala\projet\project, returning: (projet-build)
[debug]           Load.loadUnit: loadedProjectsRaw took 144.7671ms
[debug]           Load.loadUnit: cleanEvalClasses took 11.6462ms
[debug]         Load.loadUnit(file:/C:/Users/nostr/OneDrive/Documents/Efrei/M1/scala/projet/project/, ...) took 201.127ms
[debug]       Load.apply: load took 203.5707ms
[debug]       Load.apply: resolveProjects took 0.1895ms
[debug]       Load.apply: finalTransforms took 20.6682ms
[debug]       Load.apply: config.delegates took 0.656ms
[debug]       Load.apply: Def.make(settings)... took 115.8835ms
[debug]       Load.apply: structureIndex took 41.4591ms
[debug]       Load.apply: mkStreams took 0.0028ms
[info] loading project definition from C:\Users\nostr\OneDrive\Documents\Efrei\M1\scala\projet\project
[debug] Running task... Cancel: Signal, check cycles: false, forcegc: true
[debug]     Load.loadUnit: plugins took 738.8682ms
[debug]     Load.loadUnit: defsScala took 0.0036ms
[debug] [Loading] Scanning directory C:\Users\nostr\OneDrive\Documents\Efrei\M1\scala\projet
[debug]       Load.loadUnit: mkEval took 0.7247ms
[debug] [Loading] Found non-root projects 
[debug] [Loading] Done in C:\Users\nostr\OneDrive\Documents\Efrei\M1\scala\projet, returning: ()
[debug] deducing auto plugins based on known facts Set(Atom(sbt.plugins.CorePlugin)) and clauses Clauses(Clause(Atom(sbt.plugins.JvmPlugin),Set(Atom(sbt.plugins.IvyPlugin)))
[debug] Clause(Atom(sbt.ScriptedPlugin),Set(Atom(sbt.plugins.JvmPlugin)))
[debug] Clause(Atom(sbt.plugins.SbtPlugin),Set(Atom(sbt.ScriptedPlugin)))
[debug] Clause(Atom(sbt.plugins.SemanticdbPlugin),Set(Atom(sbt.plugins.JvmPlugin)))
[debug] Clause(Atom(sbt.plugins.JUnitXmlReportPlugin),Set(Atom(sbt.plugins.JvmPlugin)))
[debug] Clause(Atom(sbt.plugins.MiniDependencyTreePlugin),Set(Atom(sbt.plugins.JvmPlugin)))
[debug] Clause(Atom(org.jetbrains.sbt.StructurePlugin),Set(Atom(sbt.plugins.JvmPlugin)))
[debug] Clause(Atom(org.jetbrains.sbt.IdeaShellPlugin),Set(Atom(sbt.plugins.JvmPlugin)))
[debug] Clause(Atom(org.jetbrains.sbt.indices.SbtIntellijIndicesPlugin),Set(Atom(sbt.plugins.JvmPlugin)))
[debug] Clause(Atom(sbt.plugins.CorePlugin),Set(Atom(sbt.plugins.IvyPlugin)))
[debug] Clause(Atom(sbt.plugins.IvyPlugin),Set(Atom(sbt.plugins.JvmPlugin)))
[debug] Clause(Atom(sbt.plugins.JvmPlugin),Set(Atom(sbt.plugins.SemanticdbPlugin)))
[debug] Clause(Atom(sbt.plugins.JvmPlugin),Set(Atom(sbt.plugins.JUnitXmlReportPlugin)))
[debug] Clause(Atom(sbt.plugins.CorePlugin),Set(Atom(sbt.plugins.Giter8TemplatePlugin)))
[debug] Clause(Atom(sbt.plugins.JvmPlugin),Set(Atom(sbt.plugins.MiniDependencyTreePlugin)))
[debug] Clause(Atom(sbt.plugins.JvmPlugin),Set(Atom(org.jetbrains.sbt.StructurePlugin)))
[debug] Clause(Atom(sbt.plugins.JvmPlugin),Set(Atom(org.jetbrains.sbt.IdeaShellPlugin)))
[debug] Clause(And(Set(Atom(sbt.plugins.CorePlugin), Atom(sbt.plugins.JvmPlugin))),Set(Atom(org.jetbrains.sbt.indices.SbtIntellijIndicesPlugin))))
[debug]   :: deduced result: Matched(sbt.plugins.CorePlugin,sbt.plugins.Giter8TemplatePlugin,sbt.plugins.IvyPlugin,sbt.plugins.JvmPlugin,sbt.plugins.SemanticdbPlugin,org.jetbrains.sbt.indices.SbtIntellijIndicesPlugin,sbt.plugins.JUnitXmlReportPlugin,org.jetbrains.sbt.IdeaShellPlugin,org.jetbrains.sbt.StructurePlugin,sbt.plugins.MiniDependencyTreePlugin)
[debug] Plugins.deducer#function took 2.4143 ms
[info] loading settings for project projet from build.sbt ...
[debug]         Load.resolveProject(projet) took 34.2746ms
[debug]       Load.loadTransitive: finalizeProject(Project(id projet, base: C:\Users\nostr\OneDrive\Documents\Efrei\M1\scala\projet, plugins: List(<none>))) took 37.976ms
[debug] [Loading] Done in C:\Users\nostr\OneDrive\Documents\Efrei\M1\scala\projet, returning: (projet)
[debug]     Load.loadUnit: loadedProjectsRaw took 96.5563ms
[debug]     Load.loadUnit: cleanEvalClasses took 30.5275ms
[debug]   Load.loadUnit(file:/C:/Users/nostr/OneDrive/Documents/Efrei/M1/scala/projet/, ...) took 867.5562ms
[debug] Load.apply: load took 870.6124ms
[debug] Load.apply: resolveProjects took 0.1748ms
[debug] Load.apply: finalTransforms took 30.5639ms
[debug] Load.apply: config.delegates took 0.4608ms
[debug] Load.apply: Def.make(settings)... took 101.6804ms
[debug] Load.apply: structureIndex took 35.5127ms
[debug] Load.apply: mkStreams took 0.0031ms
[info] set current project to scala (in build file:/C:/Users/nostr/OneDrive/Documents/Efrei/M1/scala/projet/)
[debug] > Exec(sbtPopOnFailure, None, None)
[debug] > Exec(resumeFromFailure, None, None)
[debug] > Exec(notifyUsersAboutShell, None, None)
[debug] > Exec(iflast shell, None, None)
[debug] > Exec(; set ideaPort in Global := 53694 ; idea-shell, None, None)
[debug] > Exec(set ideaPort in Global := 53694, None, None)
[info] Defining Global / ideaPort
[info] The new value will be used by Compile / compile, Test / compile
[debug] Defining 
[debug] 	Global / ideaPort
[debug] 
[debug] The new value will be used by 
[debug] 	Compile / compile
[debug] 	Test / compile
[info] Reapplying settings...
[info] set current project to scala (in build file:/C:/Users/nostr/OneDrive/Documents/Efrei/M1/scala/projet/)
[debug] > Exec(idea-shell, None, None)
