[debug] > Exec(early(addDefaultCommands), None, None)
[debug] > Exec(addDefaultCommands, None, None)
[debug] > Exec(early(initialize), None, None)
[debug] > Exec(initialize, None, None)
[debug] > Exec(early(addPluginSbtFile="""C:\Users\nostr\AppData\Local\Temp\idea1.sbt"""), None, None)
[debug] > Exec(addPluginSbtFile="""C:\Users\nostr\AppData\Local\Temp\idea1.sbt""", None, None)
[debug] > Exec(boot, None, None)
[debug] > Exec(writeSbtVersion, None, None)
[debug] > Exec(reload, None, None)
[debug] > Exec(sbtStashOnFailure, None, None)
[debug] > Exec(onFailure loadFailed, None, None)
[debug] > Exec(loadp, None, None)
[info] welcome to sbt 1.5.5 (Oracle Corporation Java 17)
[debug]       Load.loadUnit: plugins took 133.9641ms
[debug]       Load.loadUnit: defsScala took 0.3145ms
[debug] [Loading] Scanning directory C:\Users\nostr\.sbt\1.0\plugins
[debug] [Loading] Found non-root projects 
[debug] [Loading] Done in C:\Users\nostr\.sbt\1.0\plugins, returning: ()
[debug] deducing auto plugins based on known facts Set(Atom(sbt.plugins.CorePlugin)) and clauses Clauses(Clause(Atom(sbt.plugins.JvmPlugin),Set(Atom(sbt.plugins.IvyPlugin)))
[debug] Clause(Atom(sbt.ScriptedPlugin),Set(Atom(sbt.plugins.JvmPlugin)))
[debug] Clause(Atom(sbt.plugins.SbtPlugin),Set(Atom(sbt.ScriptedPlugin)))
[debug] Clause(Atom(sbt.plugins.SemanticdbPlugin),Set(Atom(sbt.plugins.JvmPlugin)))
[debug] Clause(Atom(sbt.plugins.JUnitXmlReportPlugin),Set(Atom(sbt.plugins.JvmPlugin)))
[debug] Clause(Atom(sbt.plugins.MiniDependencyTreePlugin),Set(Atom(sbt.plugins.JvmPlugin)))
[debug] Clause(Atom(sbt.plugins.CorePlugin),Set(Atom(sbt.plugins.IvyPlugin)))
[debug] Clause(Atom(sbt.plugins.IvyPlugin),Set(Atom(sbt.plugins.JvmPlugin)))
[debug] Clause(Atom(sbt.plugins.JvmPlugin),Set(Atom(sbt.plugins.SemanticdbPlugin)))
[debug] Clause(Atom(sbt.plugins.JvmPlugin),Set(Atom(sbt.plugins.JUnitXmlReportPlugin)))
[debug] Clause(Atom(sbt.plugins.CorePlugin),Set(Atom(sbt.plugins.Giter8TemplatePlugin)))
[debug] Clause(Atom(sbt.plugins.JvmPlugin),Set(Atom(sbt.plugins.MiniDependencyTreePlugin))))
[debug]   :: deduced result: Matched(sbt.plugins.CorePlugin,sbt.plugins.Giter8TemplatePlugin,sbt.plugins.IvyPlugin,sbt.plugins.JvmPlugin,sbt.plugins.MiniDependencyTreePlugin,sbt.plugins.JUnitXmlReportPlugin,sbt.plugins.SemanticdbPlugin)
[debug] Plugins.deducer#function took 23.1651 ms
[debug]           Load.resolveProject(global-plugins) took 41.2353ms
[debug]         Load.loadTransitive: finalizeProject(Project(id global-plugins, base: C:\Users\nostr\.sbt\1.0\plugins, plugins: List(<none>))) took 84.1613ms
[debug] [Loading] Done in C:\Users\nostr\.sbt\1.0\plugins, returning: (global-plugins)
[debug]       Load.loadUnit: loadedProjectsRaw took 116.1934ms
[debug]       Load.loadUnit: cleanEvalClasses took 0.2173ms
[debug]     Load.loadUnit(file:/C:/Users/nostr/.sbt/1.0/plugins/, ...) took 262.1484ms
[debug]   Load.apply: load took 3715.67ms
[debug]   Load.apply: resolveProjects took 5.7255ms
[debug]   Load.apply: finalTransforms took 66.7689ms
[debug]   Load.apply: config.delegates took 8.264ms
[debug]   Load.apply: Def.make(settings)... took 602.9066ms
[debug]   Load.apply: structureIndex took 122.3935ms
[debug]   Load.apply: mkStreams took 4.2027ms
[info] loading global plugins from C:\Users\nostr\.sbt\1.0\plugins
[debug] Running task... Cancel: Signal, check cycles: false, forcegc: true
[debug] Load.defaultLoad until apply took 6461.1822ms
[debug]           Load.loadUnit: plugins took 33.4726ms
[debug]           Load.loadUnit: defsScala took 0.0051ms
[debug] [Loading] Scanning directory C:\Users\nostr\OneDrive\Documents\Efrei\M1\scala\projet\project
[debug]             Load.loadUnit: mkEval took 4.4451ms
[debug] [Loading] Found non-root projects 
[debug] [Loading] Done in C:\Users\nostr\OneDrive\Documents\Efrei\M1\scala\projet\project, returning: ()
[debug] deducing auto plugins based on known facts Set(Atom(sbt.plugins.CorePlugin)) and clauses Clauses(Clause(Atom(sbt.plugins.JvmPlugin),Set(Atom(sbt.plugins.IvyPlugin)))
[debug] Clause(Atom(sbt.ScriptedPlugin),Set(Atom(sbt.plugins.JvmPlugin)))
[debug] Clause(Atom(sbt.plugins.SbtPlugin),Set(Atom(sbt.ScriptedPlugin)))
[debug] Clause(Atom(sbt.plugins.SemanticdbPlugin),Set(Atom(sbt.plugins.JvmPlugin)))
[debug] Clause(Atom(sbt.plugins.JUnitXmlReportPlugin),Set(Atom(sbt.plugins.JvmPlugin)))
[debug] Clause(Atom(sbt.plugins.MiniDependencyTreePlugin),Set(Atom(sbt.plugins.JvmPlugin)))
[debug] Clause(Atom(sbt.plugins.CorePlugin),Set(Atom(sbt.plugins.IvyPlugin)))
[debug] Clause(Atom(sbt.plugins.IvyPlugin),Set(Atom(sbt.plugins.JvmPlugin)))
[debug] Clause(Atom(sbt.plugins.JvmPlugin),Set(Atom(sbt.plugins.SemanticdbPlugin)))
[debug] Clause(Atom(sbt.plugins.JvmPlugin),Set(Atom(sbt.plugins.JUnitXmlReportPlugin)))
[debug] Clause(Atom(sbt.plugins.CorePlugin),Set(Atom(sbt.plugins.Giter8TemplatePlugin)))
[debug] Clause(Atom(sbt.plugins.JvmPlugin),Set(Atom(sbt.plugins.MiniDependencyTreePlugin))))
[debug]   :: deduced result: Matched(sbt.plugins.CorePlugin,sbt.plugins.Giter8TemplatePlugin,sbt.plugins.IvyPlugin,sbt.plugins.JvmPlugin,sbt.plugins.MiniDependencyTreePlugin,sbt.plugins.JUnitXmlReportPlugin,sbt.plugins.SemanticdbPlugin)
[debug] Plugins.deducer#function took 2.6353 ms
[info] loading settings for project projet-build from idea1.sbt ...
[debug]               Load.resolveProject(projet-build) took 4.8665ms
[debug]             Load.loadTransitive: finalizeProject(Project(id projet-build, base: C:\Users\nostr\OneDrive\Documents\Efrei\M1\scala\projet\project, plugins: List(<none>))) took 8.3016ms
[debug] [Loading] Done in C:\Users\nostr\OneDrive\Documents\Efrei\M1\scala\projet\project, returning: (projet-build)
[debug]           Load.loadUnit: loadedProjectsRaw took 137.0607ms
[debug]           Load.loadUnit: cleanEvalClasses took 11.8333ms
[debug]         Load.loadUnit(file:/C:/Users/nostr/OneDrive/Documents/Efrei/M1/scala/projet/project/, ...) took 184.0744ms
[debug]       Load.apply: load took 186.1658ms
[debug]       Load.apply: resolveProjects took 0.1572ms
[debug]       Load.apply: finalTransforms took 22.2407ms
[debug]       Load.apply: config.delegates took 0.6961ms
[debug]       Load.apply: Def.make(settings)... took 100.9779ms
[debug]       Load.apply: structureIndex took 49.4586ms
[debug]       Load.apply: mkStreams took 0.0048ms
[info] loading project definition from C:\Users\nostr\OneDrive\Documents\Efrei\M1\scala\projet\project
[debug] Running task... Cancel: Signal, check cycles: false, forcegc: true
[debug]     Load.loadUnit: plugins took 776.4292ms
[debug]     Load.loadUnit: defsScala took 0.0037ms
[debug] [Loading] Scanning directory C:\Users\nostr\OneDrive\Documents\Efrei\M1\scala\projet
[debug]       Load.loadUnit: mkEval took 0.6755ms
[debug] [Loading] Found non-root projects 
[debug] [Loading] Done in C:\Users\nostr\OneDrive\Documents\Efrei\M1\scala\projet, returning: ()
[debug] deducing auto plugins based on known facts Set(Atom(sbt.plugins.CorePlugin)) and clauses Clauses(Clause(Atom(sbt.plugins.JvmPlugin),Set(Atom(sbt.plugins.IvyPlugin)))
[debug] Clause(Atom(sbt.ScriptedPlugin),Set(Atom(sbt.plugins.JvmPlugin)))
[debug] Clause(Atom(sbt.plugins.SbtPlugin),Set(Atom(sbt.ScriptedPlugin)))
[debug] Clause(Atom(sbt.plugins.SemanticdbPlugin),Set(Atom(sbt.plugins.JvmPlugin)))
[debug] Clause(Atom(sbt.plugins.JUnitXmlReportPlugin),Set(Atom(sbt.plugins.JvmPlugin)))
[debug] Clause(Atom(sbt.plugins.MiniDependencyTreePlugin),Set(Atom(sbt.plugins.JvmPlugin)))
[debug] Clause(Atom(org.jetbrains.sbt.StructurePlugin),Set(Atom(sbt.plugins.JvmPlugin)))
[debug] Clause(Atom(org.jetbrains.sbt.IdeaShellPlugin),Set(Atom(sbt.plugins.JvmPlugin)))
[debug] Clause(Atom(org.jetbrains.sbt.indices.SbtIntellijIndicesPlugin),Set(Atom(sbt.plugins.JvmPlugin)))
[debug] Clause(Atom(sbt.plugins.CorePlugin),Set(Atom(sbt.plugins.IvyPlugin)))
[debug] Clause(Atom(sbt.plugins.IvyPlugin),Set(Atom(sbt.plugins.JvmPlugin)))
[debug] Clause(Atom(sbt.plugins.JvmPlugin),Set(Atom(sbt.plugins.SemanticdbPlugin)))
[debug] Clause(Atom(sbt.plugins.JvmPlugin),Set(Atom(sbt.plugins.JUnitXmlReportPlugin)))
[debug] Clause(Atom(sbt.plugins.CorePlugin),Set(Atom(sbt.plugins.Giter8TemplatePlugin)))
[debug] Clause(Atom(sbt.plugins.JvmPlugin),Set(Atom(sbt.plugins.MiniDependencyTreePlugin)))
[debug] Clause(Atom(sbt.plugins.JvmPlugin),Set(Atom(org.jetbrains.sbt.StructurePlugin)))
[debug] Clause(Atom(sbt.plugins.JvmPlugin),Set(Atom(org.jetbrains.sbt.IdeaShellPlugin)))
[debug] Clause(And(Set(Atom(sbt.plugins.CorePlugin), Atom(sbt.plugins.JvmPlugin))),Set(Atom(org.jetbrains.sbt.indices.SbtIntellijIndicesPlugin))))
[debug]   :: deduced result: Matched(sbt.plugins.CorePlugin,sbt.plugins.Giter8TemplatePlugin,sbt.plugins.IvyPlugin,sbt.plugins.JvmPlugin,sbt.plugins.SemanticdbPlugin,org.jetbrains.sbt.indices.SbtIntellijIndicesPlugin,sbt.plugins.JUnitXmlReportPlugin,org.jetbrains.sbt.IdeaShellPlugin,org.jetbrains.sbt.StructurePlugin,sbt.plugins.MiniDependencyTreePlugin)
[debug] Plugins.deducer#function took 3.1569 ms
[info] loading settings for project projet from build.sbt ...
[debug]         Load.resolveProject(projet) took 31.4704ms
[debug]       Load.loadTransitive: finalizeProject(Project(id projet, base: C:\Users\nostr\OneDrive\Documents\Efrei\M1\scala\projet, plugins: List(<none>))) took 36.7741ms
[debug] [Loading] Done in C:\Users\nostr\OneDrive\Documents\Efrei\M1\scala\projet, returning: (projet)
[debug]     Load.loadUnit: loadedProjectsRaw took 89.6383ms
[debug]     Load.loadUnit: cleanEvalClasses took 26.8403ms
[debug]   Load.loadUnit(file:/C:/Users/nostr/OneDrive/Documents/Efrei/M1/scala/projet/, ...) took 894.447ms
[debug] Load.apply: load took 896.9462ms
[debug] Load.apply: resolveProjects took 0.2584ms
[debug] Load.apply: finalTransforms took 32.3548ms
[debug] Load.apply: config.delegates took 0.4528ms
[debug] Load.apply: Def.make(settings)... took 89.1525ms
[debug] Load.apply: structureIndex took 34.1661ms
[debug] Load.apply: mkStreams took 0.0025ms
[info] set current project to scala (in build file:/C:/Users/nostr/OneDrive/Documents/Efrei/M1/scala/projet/)
[debug] > Exec(sbtPopOnFailure, None, None)
[debug] > Exec(resumeFromFailure, None, None)
[debug] > Exec(notifyUsersAboutShell, None, None)
[debug] > Exec(iflast shell, None, None)
[debug] > Exec(; set ideaPort in Global := 56737 ; idea-shell, None, None)
[debug] > Exec(set ideaPort in Global := 56737, None, None)
[info] Defining Global / ideaPort
[info] The new value will be used by Compile / compile, Test / compile
[debug] Defining 
[debug] 	Global / ideaPort
[debug] 
[debug] The new value will be used by 
[debug] 	Compile / compile
[debug] 	Test / compile
[info] Reapplying settings...
[info] set current project to scala (in build file:/C:/Users/nostr/OneDrive/Documents/Efrei/M1/scala/projet/)
[debug] > Exec(idea-shell, None, None)
